0 info it worked if it ends with ok
1 verbose cli [ '/usr/local/bin/node',
1 verbose cli   '/usr/local/bin/npm',
1 verbose cli   'install',
1 verbose cli   '--save',
1 verbose cli   'babel-present-react' ]
2 info using npm@2.15.1
3 info using node@v4.4.3
4 verbose install initial load of /Users/jeremiahdeleon/Desktop/react-skeleton/package.json
5 warn package.json react-skeleton@1.0.0 No description
6 warn package.json react-skeleton@1.0.0 No README data
7 verbose installManyTop reading scoped package data from /Users/jeremiahdeleon/Desktop/react-skeleton/node_modules/babel-preset-react/package.json
8 verbose installManyTop reading scoped package data from /Users/jeremiahdeleon/Desktop/react-skeleton/node_modules/babelify/package.json
9 verbose installManyTop reading scoped package data from /Users/jeremiahdeleon/Desktop/react-skeleton/node_modules/react/package.json
10 verbose installManyTop reading scoped package data from /Users/jeremiahdeleon/Desktop/react-skeleton/node_modules/react-dom/package.json
11 verbose installManyTop reading scoped package data from /Users/jeremiahdeleon/Desktop/react-skeleton/node_modules/watchify/package.json
12 verbose readDependencies loading dependencies from /Users/jeremiahdeleon/Desktop/react-skeleton/package.json
13 silly cache add args [ 'babel-present-react', null ]
14 verbose cache add spec babel-present-react
15 silly cache add parsed spec Result {
15 silly cache add   raw: 'babel-present-react',
15 silly cache add   scope: null,
15 silly cache add   name: 'babel-present-react',
15 silly cache add   rawSpec: '',
15 silly cache add   spec: 'latest',
15 silly cache add   type: 'tag' }
16 silly addNamed babel-present-react@latest
17 verbose addNamed "latest" is being treated as a dist-tag for babel-present-react
18 info addNameTag [ 'babel-present-react', 'latest' ]
19 silly mapToRegistry name babel-present-react
20 silly mapToRegistry using default registry
21 silly mapToRegistry registry https://registry.npmjs.org/
22 silly mapToRegistry data Result {
22 silly mapToRegistry   raw: 'babel-present-react',
22 silly mapToRegistry   scope: null,
22 silly mapToRegistry   name: 'babel-present-react',
22 silly mapToRegistry   rawSpec: '',
22 silly mapToRegistry   spec: 'latest',
22 silly mapToRegistry   type: 'tag' }
23 silly mapToRegistry uri https://registry.npmjs.org/babel-present-react
24 verbose addNameTag registry:https://registry.npmjs.org/babel-present-react not in flight; fetching
25 verbose request uri https://registry.npmjs.org/babel-present-react
26 verbose request no auth needed
27 info attempt registry request try #1 at 3:28:12 PM
28 verbose request id 061d63cb83346990
29 http request GET https://registry.npmjs.org/babel-present-react
30 http 404 https://registry.npmjs.org/babel-present-react
31 verbose headers { 'content-type': 'application/json',
31 verbose headers   'cache-control': 'max-age=0',
31 verbose headers   'content-length': '2',
31 verbose headers   'accept-ranges': 'bytes',
31 verbose headers   date: 'Sat, 23 Apr 2016 22:28:12 GMT',
31 verbose headers   via: '1.1 varnish',
31 verbose headers   age: '0',
31 verbose headers   connection: 'keep-alive',
31 verbose headers   'x-served-by': 'cache-sjc3130-SJC',
31 verbose headers   'x-cache': 'MISS',
31 verbose headers   'x-cache-hits': '0',
31 verbose headers   'x-timer': 'S1461450492.699745,VS0,VE37',
31 verbose headers   vary: 'Accept-Encoding' }
32 silly get cb [ 404,
32 silly get   { 'content-type': 'application/json',
32 silly get     'cache-control': 'max-age=0',
32 silly get     'content-length': '2',
32 silly get     'accept-ranges': 'bytes',
32 silly get     date: 'Sat, 23 Apr 2016 22:28:12 GMT',
32 silly get     via: '1.1 varnish',
32 silly get     age: '0',
32 silly get     connection: 'keep-alive',
32 silly get     'x-served-by': 'cache-sjc3130-SJC',
32 silly get     'x-cache': 'MISS',
32 silly get     'x-cache-hits': '0',
32 silly get     'x-timer': 'S1461450492.699745,VS0,VE37',
32 silly get     vary: 'Accept-Encoding' } ]
33 verbose stack Error: Registry returned 404 for GET on https://registry.npmjs.org/babel-present-react
33 verbose stack     at makeError (/usr/local/lib/node_modules/npm/node_modules/npm-registry-client/lib/request.js:264:12)
33 verbose stack     at CachingRegistryClient.<anonymous> (/usr/local/lib/node_modules/npm/node_modules/npm-registry-client/lib/request.js:242:14)
33 verbose stack     at Request._callback (/usr/local/lib/node_modules/npm/node_modules/npm-registry-client/lib/request.js:172:14)
33 verbose stack     at Request.self.callback (/usr/local/lib/node_modules/npm/node_modules/request/request.js:199:22)
33 verbose stack     at emitTwo (events.js:87:13)
33 verbose stack     at Request.emit (events.js:172:7)
33 verbose stack     at Request.<anonymous> (/usr/local/lib/node_modules/npm/node_modules/request/request.js:1036:10)
33 verbose stack     at emitOne (events.js:82:20)
33 verbose stack     at Request.emit (events.js:169:7)
33 verbose stack     at IncomingMessage.<anonymous> (/usr/local/lib/node_modules/npm/node_modules/request/request.js:963:12)
34 verbose statusCode 404
35 verbose pkgid babel-present-react
36 verbose cwd /Users/jeremiahdeleon/Desktop/react-skeleton
37 error Darwin 15.4.0
38 error argv "/usr/local/bin/node" "/usr/local/bin/npm" "install" "--save" "babel-present-react"
39 error node v4.4.3
40 error npm  v2.15.1
41 error code E404
42 error 404 Registry returned 404 for GET on https://registry.npmjs.org/babel-present-react
42 error 404
42 error 404 'babel-present-react' is not in the npm registry.
42 error 404 You should bug the author to publish it (or use the name yourself!)
42 error 404 It was specified as a dependency of 'react-skeleton'
42 error 404
42 error 404 Note that you can also install from a
42 error 404 tarball, folder, http url, or git url.
43 verbose exit [ 1, true ]
